Added Component: Designator=B1(PUSB BUTTON-SMD)
Add component (AddParameter): Name = "Satýn Alma Linki"; Value = "https://urun.n11.com/diger/mini-pushbutton-switch-smd-P227461537?gclid=Cj0KCQjwkoDmBRCcARIsAG3xzl8Y_-jeD7HocNM6lvuZ_rVp83568XPGtNzlPwXWLph8oCRqo0yh87UaApZYEALw_wcB&gclsrc=aw.ds"; VariantName = "[No Variations]"
Added Component: Designator=B2(BUZZER 5v)
Added Component: Designator=B3(PUSB BUTTON-SMD)
Add component (AddParameter): Name = "Satýn Alma Linki"; Value = "https://urun.n11.com/diger/mini-pushbutton-switch-smd-P227461537?gclid=Cj0KCQjwkoDmBRCcARIsAG3xzl8Y_-jeD7HocNM6lvuZ_rVp83568XPGtNzlPwXWLph8oCRqo0yh87UaApZYEALw_wcB&gclsrc=aw.ds"; VariantName = "[No Variations]"
Added Component: Designator=B4(BUZZER 5v)
Added Component: Designator=C1(C1206)
Added Component: Designator=C2(C1206)
Added Component: Designator=C3(C1206)
Added Component: Designator=C4(C1206)
Added Component: Designator=C5(C1206)
Added Component: Designator=C6(C1206)
Added Component: Designator=C7(C1206)
Added Component: Designator=C8(C1206 - TANTAL)
Added Component: Designator=C9(C1206 - TANTAL)
Added Component: Designator=C10(C1206)
Added Component: Designator=C11(C1206)
Added Component: Designator=C12(C1206)
Added Component: Designator=C13(C1206)
Added Component: Designator=C14(C1206)
Added Component: Designator=C15(C1206)
Added Component: Designator=C16(C1206)
Added Component: Designator=C17(C1206)
Added Component: Designator=C18(C1206)
Added Component: Designator=C19(C1206)
Added Component: Designator=C20(C1206)
Added Component: Designator=C21(C1206)
Added Component: Designator=C22(C1206)
Added Component: Designator=C23(C1206)
Added Component: Designator=C24(C1206)
Added Component: Designator=C25(C1206)
Added Component: Designator=C26(C1206 - TANTAL)
Added Component: Designator=C27(C1206 - TANTAL)
Added Component: Designator=C28(C1206)
Added Component: Designator=C29(C1206)
Added Component: Designator=C30(C1206)
Added Component: Designator=C31(C1206)
Added Component: Designator=C32(C1206)
Added Component: Designator=C33(C1206)
Added Component: Designator=C34(C1206)
Added Component: Designator=C35(C1206)
Added Component: Designator=C36(C1206)
Added Component: Designator=J1(HEADER 2.54mm 1x4)
Added Component: Designator=J2(HEADER 2.54mm 1x5)
Added Component: Designator=J3(HEADER 2.54mm 1x4)
Added Component: Designator=J4(MICRO SD CARD HOLDER)
Added Component: Designator=J5(HEADER 2.54mm 1x3)
Added Component: Designator=J6(KLEMENS 1x2 - 3.5mm)
Added Component: Designator=J7(KLEMENS 1x2 - 3.5mm)
Added Component: Designator=J8(HEADER 2.54mm 1x4)
Added Component: Designator=J9(HEADER 2.54mm 1x5)
Added Component: Designator=J10(HEADER 2.54mm 1x4)
Added Component: Designator=J11(MICRO SD CARD HOLDER)
Added Component: Designator=J12(HEADER 2.54mm 1x3)
Added Component: Designator=J13(KLEMENS 1x2 - 3.5mm)
Added Component: Designator=J14(KLEMENS 1x2 - 3.5mm)
Added Component: Designator=R1(R1206 RESISTOR)
Added Component: Designator=R2(R1206 RESISTOR)
Added Component: Designator=R3(R1206 RESISTOR)
Added Component: Designator=R4(R1206 RESISTOR)
Added Component: Designator=R5(R1206 RESISTOR)
Added Component: Designator=R6(R1206 RESISTOR)
Added Component: Designator=R7(R1206 RESISTOR)
Added Component: Designator=R8(R1206 RESISTOR)
Added Component: Designator=R9(R1206 RESISTOR)
Added Component: Designator=R10(R1206 RESISTOR)
Added Component: Designator=U1(DPAK228P972X240-3N)
Added Component: Designator=U2(DPAK228P972X240-3N)
Added Component: Designator=U3(LQPF48_STM)
Added Component: Designator=U4(QFN50P400X400X95_HS-25N)
Added Component: Designator=U5(BMP280)
Added Component: Designator=U6(DPAK228P972X240-3N)
Added Component: Designator=U7(DPAK228P972X240-3N)
Added Component: Designator=U8(LQPF48_STM)
Added Component: Designator=U9(QFN50P400X400X95_HS-25N)
Added Component: Designator=U10(BMP280)
Added Component: Designator=Y1(8 MHZ Osc.)
Added Component: Designator=Y2(8 MHZ Osc.)
Added Pin To Net: NetName=3.3V Pin=C1-1
Added Pin To Net: NetName=3.3V Pin=C2-1
Added Pin To Net: NetName=3.3V Pin=C3-1
Added Pin To Net: NetName=3.3V Pin=C4-1
Added Pin To Net: NetName=3.3V Pin=C5-1
Added Pin To Net: NetName=3.3V Pin=C9-1
Added Pin To Net: NetName=3.3V Pin=C9-1
Added Pin To Net: NetName=3.3V Pin=C12-1
Added Pin To Net: NetName=3.3V Pin=C13-1
Added Pin To Net: NetName=3.3V Pin=C17-1
Added Pin To Net: NetName=3.3V Pin=C18-1
Added Pin To Net: NetName=3.3V Pin=C19-1
Added Pin To Net: NetName=3.3V Pin=C20-1
Added Pin To Net: NetName=3.3V Pin=C21-1
Added Pin To Net: NetName=3.3V Pin=C22-1
Added Pin To Net: NetName=3.3V Pin=C23-1
Added Pin To Net: NetName=3.3V Pin=C27-1
Added Pin To Net: NetName=3.3V Pin=C27-1
Added Pin To Net: NetName=3.3V Pin=C30-1
Added Pin To Net: NetName=3.3V Pin=C31-1
Added Pin To Net: NetName=3.3V Pin=C35-1
Added Pin To Net: NetName=3.3V Pin=C36-1
Added Pin To Net: NetName=3.3V Pin=J2-1
Added Pin To Net: NetName=3.3V Pin=J3-1
Added Pin To Net: NetName=3.3V Pin=J4-4
Added Pin To Net: NetName=3.3V Pin=J9-1
Added Pin To Net: NetName=3.3V Pin=J10-1
Added Pin To Net: NetName=3.3V Pin=J11-4
Added Pin To Net: NetName=3.3V Pin=R2-2
Added Pin To Net: NetName=3.3V Pin=R3-2
Added Pin To Net: NetName=3.3V Pin=R4-1
Added Pin To Net: NetName=3.3V Pin=R5-2
Added Pin To Net: NetName=3.3V Pin=R7-2
Added Pin To Net: NetName=3.3V Pin=R8-2
Added Pin To Net: NetName=3.3V Pin=R9-1
Added Pin To Net: NetName=3.3V Pin=R10-2
Added Pin To Net: NetName=3.3V Pin=U2-3
Added Pin To Net: NetName=3.3V Pin=U3-1
Added Pin To Net: NetName=3.3V Pin=U3-9
Added Pin To Net: NetName=3.3V Pin=U3-24
Added Pin To Net: NetName=3.3V Pin=U3-36
Added Pin To Net: NetName=3.3V Pin=U3-48
Added Pin To Net: NetName=3.3V Pin=U4-8
Added Pin To Net: NetName=3.3V Pin=U4-13
Added Pin To Net: NetName=3.3V Pin=U5-6
Added Pin To Net: NetName=3.3V Pin=U5-8
Added Pin To Net: NetName=3.3V Pin=U7-3
Added Pin To Net: NetName=3.3V Pin=U8-1
Added Pin To Net: NetName=3.3V Pin=U8-9
Added Pin To Net: NetName=3.3V Pin=U8-24
Added Pin To Net: NetName=3.3V Pin=U8-36
Added Pin To Net: NetName=3.3V Pin=U8-48
Added Pin To Net: NetName=3.3V Pin=U9-8
Added Pin To Net: NetName=3.3V Pin=U9-13
Added Pin To Net: NetName=3.3V Pin=U10-6
Added Pin To Net: NetName=3.3V Pin=U10-8
Added Net: Name=3.3V
Added Pin To Net: NetName=5V Pin=C7-1
Added Pin To Net: NetName=5V Pin=C25-1
Added Pin To Net: NetName=5V Pin=J1-1
Added Pin To Net: NetName=5V Pin=J5-2
Added Pin To Net: NetName=5V Pin=J7-2
Added Pin To Net: NetName=5V Pin=J8-1
Added Pin To Net: NetName=5V Pin=J12-2
Added Pin To Net: NetName=5V Pin=J14-2
Added Pin To Net: NetName=5V Pin=U1-2
Added Pin To Net: NetName=5V Pin=U6-2
Added Net: Name=5V
Added Pin To Net: NetName=7.4V Pin=C6-1
Added Pin To Net: NetName=7.4V Pin=C8-1
Added Pin To Net: NetName=7.4V Pin=C8-1
Added Pin To Net: NetName=7.4V Pin=C24-1
Added Pin To Net: NetName=7.4V Pin=C26-1
Added Pin To Net: NetName=7.4V Pin=C26-1
Added Pin To Net: NetName=7.4V Pin=J6-2
Added Pin To Net: NetName=7.4V Pin=J13-2
Added Pin To Net: NetName=7.4V Pin=U1-1
Added Pin To Net: NetName=7.4V Pin=U2-2
Added Pin To Net: NetName=7.4V Pin=U6-1
Added Pin To Net: NetName=7.4V Pin=U7-2
Added Net: Name=7.4V
Added Pin To Net: NetName=GND Pin=B1-1
Added Pin To Net: NetName=GND Pin=B1-2
Added Pin To Net: NetName=GND Pin=B2-2
Added Pin To Net: NetName=GND Pin=B3-1
Added Pin To Net: NetName=GND Pin=B3-2
Added Pin To Net: NetName=GND Pin=B4-2
Added Pin To Net: NetName=GND Pin=C1-2
Added Pin To Net: NetName=GND Pin=C2-2
Added Pin To Net: NetName=GND Pin=C3-2
Added Pin To Net: NetName=GND Pin=C4-2
Added Pin To Net: NetName=GND Pin=C5-2
Added Pin To Net: NetName=GND Pin=C6-2
Added Pin To Net: NetName=GND Pin=C7-2
Added Pin To Net: NetName=GND Pin=C8-2
Added Pin To Net: NetName=GND Pin=C9-2
Added Pin To Net: NetName=GND Pin=C10-2
Added Pin To Net: NetName=GND Pin=C11-2
Added Pin To Net: NetName=GND Pin=C12-2
Added Pin To Net: NetName=GND Pin=C13-2
Added Pin To Net: NetName=GND Pin=C14-2
Added Pin To Net: NetName=GND Pin=C15-2
Added Pin To Net: NetName=GND Pin=C16-2
Added Pin To Net: NetName=GND Pin=C17-2
Added Pin To Net: NetName=GND Pin=C18-2
Added Pin To Net: NetName=GND Pin=C19-2
Added Pin To Net: NetName=GND Pin=C20-2
Added Pin To Net: NetName=GND Pin=C21-2
Added Pin To Net: NetName=GND Pin=C22-2
Added Pin To Net: NetName=GND Pin=C23-2
Added Pin To Net: NetName=GND Pin=C24-2
Added Pin To Net: NetName=GND Pin=C25-2
Added Pin To Net: NetName=GND Pin=C26-2
Added Pin To Net: NetName=GND Pin=C27-2
Added Pin To Net: NetName=GND Pin=C28-2
Added Pin To Net: NetName=GND Pin=C29-2
Added Pin To Net: NetName=GND Pin=C30-2
Added Pin To Net: NetName=GND Pin=C31-2
Added Pin To Net: NetName=GND Pin=C32-2
Added Pin To Net: NetName=GND Pin=C33-2
Added Pin To Net: NetName=GND Pin=C34-2
Added Pin To Net: NetName=GND Pin=C35-2
Added Pin To Net: NetName=GND Pin=C36-2
Added Pin To Net: NetName=GND Pin=J1-2
Added Pin To Net: NetName=GND Pin=J2-3
Added Pin To Net: NetName=GND Pin=J3-2
Added Pin To Net: NetName=GND Pin=J4-6
Added Pin To Net: NetName=GND Pin=J4-10
Added Pin To Net: NetName=GND Pin=J4-11
Added Pin To Net: NetName=GND Pin=J4-12
Added Pin To Net: NetName=GND Pin=J4-13
Added Pin To Net: NetName=GND Pin=J5-3
Added Pin To Net: NetName=GND Pin=J6-1
Added Pin To Net: NetName=GND Pin=J7-1
Added Pin To Net: NetName=GND Pin=J8-2
Added Pin To Net: NetName=GND Pin=J9-3
Added Pin To Net: NetName=GND Pin=J10-2
Added Pin To Net: NetName=GND Pin=J11-6
Added Pin To Net: NetName=GND Pin=J11-10
Added Pin To Net: NetName=GND Pin=J11-11
Added Pin To Net: NetName=GND Pin=J11-12
Added Pin To Net: NetName=GND Pin=J11-13
Added Pin To Net: NetName=GND Pin=J12-3
Added Pin To Net: NetName=GND Pin=J13-1
Added Pin To Net: NetName=GND Pin=J14-1
Added Pin To Net: NetName=GND Pin=R1-2
Added Pin To Net: NetName=GND Pin=R4-2
Added Pin To Net: NetName=GND Pin=R6-2
Added Pin To Net: NetName=GND Pin=R9-2
Added Pin To Net: NetName=GND Pin=U1-3
Added Pin To Net: NetName=GND Pin=U2-1
Added Pin To Net: NetName=GND Pin=U3-8
Added Pin To Net: NetName=GND Pin=U3-23
Added Pin To Net: NetName=GND Pin=U3-35
Added Pin To Net: NetName=GND Pin=U3-47
Added Pin To Net: NetName=GND Pin=U4-1
Added Pin To Net: NetName=GND Pin=U4-9
Added Pin To Net: NetName=GND Pin=U4-11
Added Pin To Net: NetName=GND Pin=U4-18
Added Pin To Net: NetName=GND Pin=U5-1
Added Pin To Net: NetName=GND Pin=U5-7
Added Pin To Net: NetName=GND Pin=U6-3
Added Pin To Net: NetName=GND Pin=U7-1
Added Pin To Net: NetName=GND Pin=U8-8
Added Pin To Net: NetName=GND Pin=U8-23
Added Pin To Net: NetName=GND Pin=U8-35
Added Pin To Net: NetName=GND Pin=U8-47
Added Pin To Net: NetName=GND Pin=U9-1
Added Pin To Net: NetName=GND Pin=U9-9
Added Pin To Net: NetName=GND Pin=U9-11
Added Pin To Net: NetName=GND Pin=U9-18
Added Pin To Net: NetName=GND Pin=U10-1
Added Pin To Net: NetName=GND Pin=U10-7
Added Pin To Net: NetName=GND Pin=Y1-2
Added Pin To Net: NetName=GND Pin=Y1-4
Added Pin To Net: NetName=GND Pin=Y2-2
Added Pin To Net: NetName=GND Pin=Y2-4
Added Net: Name=GND
Added Pin To Net: NetName=NetB1_3 Pin=B1-3
Added Pin To Net: NetName=NetB1_3 Pin=B1-4
Added Pin To Net: NetName=NetB1_3 Pin=B3-3
Added Pin To Net: NetName=NetB1_3 Pin=B3-4
Added Pin To Net: NetName=NetB1_3 Pin=C14-1
Added Pin To Net: NetName=NetB1_3 Pin=C32-1
Added Pin To Net: NetName=NetB1_3 Pin=J2-5
Added Pin To Net: NetName=NetB1_3 Pin=J9-5
Added Pin To Net: NetName=NetB1_3 Pin=R5-1
Added Pin To Net: NetName=NetB1_3 Pin=R10-1
Added Pin To Net: NetName=NetB1_3 Pin=U3-7
Added Pin To Net: NetName=NetB1_3 Pin=U8-7
Added Net: Name=NetB1_3
Added Pin To Net: NetName=NetB2_1 Pin=B2-1
Added Pin To Net: NetName=NetB2_1 Pin=B4-1
Added Pin To Net: NetName=NetB2_1 Pin=U3-32
Added Pin To Net: NetName=NetB2_1 Pin=U8-32
Added Net: Name=NetB2_1
Added Pin To Net: NetName=NetC10_1 Pin=C10-1
Added Pin To Net: NetName=NetC10_1 Pin=C28-1
Added Pin To Net: NetName=NetC10_1 Pin=U3-5
Added Pin To Net: NetName=NetC10_1 Pin=U8-5
Added Pin To Net: NetName=NetC10_1 Pin=Y1-1
Added Pin To Net: NetName=NetC10_1 Pin=Y2-1
Added Net: Name=NetC10_1
Added Pin To Net: NetName=NetC11_1 Pin=C11-1
Added Pin To Net: NetName=NetC11_1 Pin=C29-1
Added Pin To Net: NetName=NetC11_1 Pin=U3-6
Added Pin To Net: NetName=NetC11_1 Pin=U8-6
Added Pin To Net: NetName=NetC11_1 Pin=Y1-3
Added Pin To Net: NetName=NetC11_1 Pin=Y2-3
Added Net: Name=NetC11_1
Added Pin To Net: NetName=NetC15_1 Pin=C15-1
Added Pin To Net: NetName=NetC15_1 Pin=U4-20
Added Net: Name=NetC15_1
Added Pin To Net: NetName=NetC16_1 Pin=C16-1
Added Pin To Net: NetName=NetC16_1 Pin=U4-10
Added Net: Name=NetC16_1
Added Pin To Net: NetName=NetC33_1 Pin=C33-1
Added Pin To Net: NetName=NetC33_1 Pin=U9-20
Added Net: Name=NetC33_1
Added Pin To Net: NetName=NetC34_1 Pin=C34-1
Added Pin To Net: NetName=NetC34_1 Pin=U9-10
Added Net: Name=NetC34_1
Added Pin To Net: NetName=NetJ1_3 Pin=J1-3
Added Pin To Net: NetName=NetJ1_3 Pin=J8-3
Added Pin To Net: NetName=NetJ1_3 Pin=U3-12
Added Pin To Net: NetName=NetJ1_3 Pin=U8-12
Added Net: Name=NetJ1_3
Added Pin To Net: NetName=NetJ1_4 Pin=J1-4
Added Pin To Net: NetName=NetJ1_4 Pin=J8-4
Added Pin To Net: NetName=NetJ1_4 Pin=U3-13
Added Pin To Net: NetName=NetJ1_4 Pin=U8-13
Added Net: Name=NetJ1_4
Added Pin To Net: NetName=NetJ2_2 Pin=J2-2
Added Pin To Net: NetName=NetJ2_2 Pin=J9-2
Added Pin To Net: NetName=NetJ2_2 Pin=U3-37
Added Pin To Net: NetName=NetJ2_2 Pin=U8-37
Added Net: Name=NetJ2_2
Added Pin To Net: NetName=NetJ2_4 Pin=J2-4
Added Pin To Net: NetName=NetJ2_4 Pin=J9-4
Added Pin To Net: NetName=NetJ2_4 Pin=U3-34
Added Pin To Net: NetName=NetJ2_4 Pin=U8-34
Added Net: Name=NetJ2_4
Added Pin To Net: NetName=NetJ3_3 Pin=J3-3
Added Pin To Net: NetName=NetJ3_3 Pin=J10-3
Added Pin To Net: NetName=NetJ3_3 Pin=U3-30
Added Pin To Net: NetName=NetJ3_3 Pin=U8-30
Added Net: Name=NetJ3_3
Added Pin To Net: NetName=NetJ3_4 Pin=J3-4
Added Pin To Net: NetName=NetJ3_4 Pin=J10-4
Added Pin To Net: NetName=NetJ3_4 Pin=U3-31
Added Pin To Net: NetName=NetJ3_4 Pin=U8-31
Added Net: Name=NetJ3_4
Added Pin To Net: NetName=NetJ4_2 Pin=J4-2
Added Pin To Net: NetName=NetJ4_2 Pin=J11-2
Added Pin To Net: NetName=NetJ4_2 Pin=U3-11
Added Pin To Net: NetName=NetJ4_2 Pin=U8-11
Added Net: Name=NetJ4_2
Added Pin To Net: NetName=NetJ4_3 Pin=J4-3
Added Pin To Net: NetName=NetJ4_3 Pin=J11-3
Added Pin To Net: NetName=NetJ4_3 Pin=U3-17
Added Pin To Net: NetName=NetJ4_3 Pin=U5-3
Added Pin To Net: NetName=NetJ4_3 Pin=U8-17
Added Pin To Net: NetName=NetJ4_3 Pin=U10-3
Added Net: Name=NetJ4_3
Added Pin To Net: NetName=NetJ4_5 Pin=J4-5
Added Pin To Net: NetName=NetJ4_5 Pin=J11-5
Added Pin To Net: NetName=NetJ4_5 Pin=U3-15
Added Pin To Net: NetName=NetJ4_5 Pin=U5-4
Added Pin To Net: NetName=NetJ4_5 Pin=U8-15
Added Pin To Net: NetName=NetJ4_5 Pin=U10-4
Added Net: Name=NetJ4_5
Added Pin To Net: NetName=NetJ4_7 Pin=J4-7
Added Pin To Net: NetName=NetJ4_7 Pin=J11-7
Added Pin To Net: NetName=NetJ4_7 Pin=U3-16
Added Pin To Net: NetName=NetJ4_7 Pin=U5-5
Added Pin To Net: NetName=NetJ4_7 Pin=U8-16
Added Pin To Net: NetName=NetJ4_7 Pin=U10-5
Added Net: Name=NetJ4_7
Added Pin To Net: NetName=NetJ5_1 Pin=J5-1
Added Pin To Net: NetName=NetJ5_1 Pin=J12-1
Added Pin To Net: NetName=NetJ5_1 Pin=U3-27
Added Pin To Net: NetName=NetJ5_1 Pin=U8-27
Added Net: Name=NetJ5_1
Added Pin To Net: NetName=NetR1_1 Pin=R1-1
Added Pin To Net: NetName=NetR1_1 Pin=U3-44
Added Net: Name=NetR1_1
Added Pin To Net: NetName=NetR2_1 Pin=R2-1
Added Pin To Net: NetName=NetR2_1 Pin=R7-1
Added Pin To Net: NetName=NetR2_1 Pin=U3-21
Added Pin To Net: NetName=NetR2_1 Pin=U4-23
Added Pin To Net: NetName=NetR2_1 Pin=U8-21
Added Pin To Net: NetName=NetR2_1 Pin=U9-23
Added Net: Name=NetR2_1
Added Pin To Net: NetName=NetR3_1 Pin=R3-1
Added Pin To Net: NetName=NetR3_1 Pin=R8-1
Added Pin To Net: NetName=NetR3_1 Pin=U3-22
Added Pin To Net: NetName=NetR3_1 Pin=U4-24
Added Pin To Net: NetName=NetR3_1 Pin=U8-22
Added Pin To Net: NetName=NetR3_1 Pin=U9-24
Added Net: Name=NetR3_1
Added Pin To Net: NetName=NetR6_1 Pin=R6-1
Added Pin To Net: NetName=NetR6_1 Pin=U8-44
Added Net: Name=NetR6_1
Added Pin To Net: NetName=NetU3_14 Pin=U3-14
Added Pin To Net: NetName=NetU3_14 Pin=U5-2
Added Pin To Net: NetName=NetU3_14 Pin=U8-14
Added Pin To Net: NetName=NetU3_14 Pin=U10-2
Added Net: Name=NetU3_14
Added Class: Name=Sheet1
Added Class: Name=STM32
Added Room: Name=Sheet1
Added Room: Name=STM32
