Change Component Designator: OldDesignator=J5 NewDesignator=J6
Change Component Designator: OldDesignator=J6 NewDesignator=J7
Change Component Designator: OldDesignator=J7 NewDesignator=J5
Added Component: Designator=C3(C1206 - TANTAL)
Added Component: Designator=C4(C1206 - TANTAL)
Added Component: Designator=J1(HEADER 2.54mm 1x5)
Added Pin To Net: NetName=7.4V Pin=C3-1
Added Pin To Net: NetName=7.4V Pin=C3-1
Added Pin To Net: NetName=GND Pin=C3-2
Added Pin To Net: NetName=3.3V Pin=C4-1
Added Pin To Net: NetName=3.3V Pin=C4-1
Added Pin To Net: NetName=GND Pin=C4-2
Added Pin To Net: NetName=3.3V Pin=J1-1
Added Pin To Net: NetName=NetJ1_2 Pin=J1-2
Added Pin To Net: NetName=GND Pin=J1-3
Added Pin To Net: NetName=NetJ1_4 Pin=J1-4
Added Pin To Net: NetName=NetB1_3 Pin=J1-5
Change Net Name : Old Net Name=NetJ7_1 New Net Name=NetJ5_1
Added Member To Class: ClassName=STM32 Member=Component B1 Push Button
Added Member To Class: ClassName=STM32 Member=Component B2 BUZZER 5v
Added Member To Class: ClassName=STM32 Member=Component C1 330 nF C1206
Added Member To Class: ClassName=STM32 Member=Component C2 330 nF C1206
Added Member To Class: ClassName=STM32 Member=Component C3 10 uF TANTAL
Added Member To Class: ClassName=STM32 Member=Component C4 10 uF TANTAL
Added Member To Class: ClassName=STM32 Member=Component C5 0.1 uF
Added Member To Class: ClassName=STM32 Member=Component C6 0.1 uF
Added Member To Class: ClassName=STM32 Member=Component C7 0.1 uF
Added Member To Class: ClassName=STM32 Member=Component C8 0.1 uF
Added Member To Class: ClassName=STM32 Member=Component C9 0.1 uF
Added Member To Class: ClassName=STM32 Member=Component C10 16 pF
Added Member To Class: ClassName=STM32 Member=Component C11 16 pF
Added Member To Class: ClassName=STM32 Member=Component C12 0.1 uF
Added Member To Class: ClassName=STM32 Member=Component C13 0.1 uF
Added Member To Class: ClassName=STM32 Member=Component C14 0.1 uF C1206
Added Member To Class: ClassName=STM32 Member=Component C15 2.2 nF
Added Member To Class: ClassName=STM32 Member=Component C16 0.1 uF
Added Member To Class: ClassName=STM32 Member=Component C17 0.1 uF
Added Member To Class: ClassName=STM32 Member=Component C18 0.1 uF
Added Member To Class: ClassName=STM32 Member=Component J1 HEADER 2.54mm 1x5
Added Member To Class: ClassName=STM32 Member=Component J2 HEADER 2.54mm 1x4
Added Member To Class: ClassName=STM32 Member=Component J3 HEADER 2.54mm 1x4
Added Member To Class: ClassName=STM32 Member=Component J4 MICRO SD CARD HOLDER
Added Member To Class: ClassName=STM32 Member=Component J5 HEADER 2.54mm 1x3
Added Member To Class: ClassName=STM32 Member=Component J6 KLEMENS 1x2 - 3.5mm
Added Member To Class: ClassName=STM32 Member=Component J7 KLEMENS 1x2 - 3.5mm
Added Member To Class: ClassName=STM32 Member=Component R1 10k R1206
Added Member To Class: ClassName=STM32 Member=Component R2 10k
Added Member To Class: ClassName=STM32 Member=Component R3 4.7k
Added Member To Class: ClassName=STM32 Member=Component R4 4.7k
Added Member To Class: ClassName=STM32 Member=Component R5 10k R1206
Added Member To Class: ClassName=STM32 Member=Component U1 L7805-DPAK
Added Member To Class: ClassName=STM32 Member=Component U2 LD108633-DPAK
Added Member To Class: ClassName=STM32 Member=Component U3 STM32F101
Added Member To Class: ClassName=STM32 Member=Component U4 MPU6050
Added Member To Class: ClassName=STM32 Member=Component U5 BMP280
Added Member To Class: ClassName=STM32 Member=Component Y1 8 MHz 12.5 pf Osc
Added Room: Name=STM32
PCB-ECO: Change Pad Pin/Pkg Length: Old=50.8mm New=0mm
PCB-ECO: Change Pad Pin/Pkg Length: Old=50.8mm New=0mm
PCB-ECO: Change Pad Pin/Pkg Length: Old=0mm New=50.8mm
PCB-ECO: Change Pad Pin/Pkg Length: Old=0mm New=50.8mm
