Replace Part B1 Push Button in C:\Users\Public\Documents\Altium\Projects\Ceryanci_STM32\STM32.SchDoc with Push Button from STM32.SchLib
Replace Part B2 BUZZER 5v in C:\Users\Public\Documents\Altium\Projects\Ceryanci_STM32\STM32.SchDoc with BUZZER 5v from STM32.SchLib
Replace Part C10 16 pF in C:\Users\Public\Documents\Altium\Projects\Ceryanci_STM32\STM32.SchDoc with 16 pF from STM32.SchLib
Replace Part C11 16 pF in C:\Users\Public\Documents\Altium\Projects\Ceryanci_STM32\STM32.SchDoc with 16 pF from STM32.SchLib
Replace Part C15 2.2 nF in C:\Users\Public\Documents\Altium\Projects\Ceryanci_STM32\STM32.SchDoc with 2.2 nF from STM32.SchLib
Replace Part J1 HEADER 2.54mm 1x5 in C:\Users\Public\Documents\Altium\Projects\Ceryanci_STM32\STM32.SchDoc with HEADER 2.54mm 1x5 from STM32.SchLib
Replace Part J2 HEADER 2.54mm 1x4 in C:\Users\Public\Documents\Altium\Projects\Ceryanci_STM32\STM32.SchDoc with HEADER 2.54mm 1x4 from STM32.SchLib
Replace Part J3 HEADER 2.54mm 1x4 in C:\Users\Public\Documents\Altium\Projects\Ceryanci_STM32\STM32.SchDoc with HEADER 2.54mm 1x4 from STM32.SchLib
Replace Part J4 MICRO SD CARD HOLDER in C:\Users\Public\Documents\Altium\Projects\Ceryanci_STM32\STM32.SchDoc with MICRO SD CARD HOLDER from STM32.SchLib
Replace Part J5 KLEMENS 1x2 - 3.5mm in C:\Users\Public\Documents\Altium\Projects\Ceryanci_STM32\STM32.SchDoc with KLEMENS 1x2 - 3.5mm from STM32.SchLib
Replace Part J6 KLEMENS 1x2 - 3.5mm in C:\Users\Public\Documents\Altium\Projects\Ceryanci_STM32\STM32.SchDoc with KLEMENS 1x2 - 3.5mm from STM32.SchLib
Replace Part J7 HEADER 2.54mm 1x3 in C:\Users\Public\Documents\Altium\Projects\Ceryanci_STM32\STM32.SchDoc with HEADER 2.54mm 1x3 from STM32.SchLib
Replace Part R2 10k in C:\Users\Public\Documents\Altium\Projects\Ceryanci_STM32\STM32.SchDoc with 10k from STM32.SchLib
Replace Part R3 4.7k in C:\Users\Public\Documents\Altium\Projects\Ceryanci_STM32\STM32.SchDoc with 4.7k from STM32.SchLib
Replace Part R4 4.7k in C:\Users\Public\Documents\Altium\Projects\Ceryanci_STM32\STM32.SchDoc with 4.7k from STM32.SchLib
Replace Part U1 L7805-DPAK in C:\Users\Public\Documents\Altium\Projects\Ceryanci_STM32\STM32.SchDoc with L7805-DPAK from STM32.SchLib
Replace Part U2 LD108633-DPAK in C:\Users\Public\Documents\Altium\Projects\Ceryanci_STM32\STM32.SchDoc with LD108633-DPAK from STM32.SchLib
Replace Part U3 STM32F101 in C:\Users\Public\Documents\Altium\Projects\Ceryanci_STM32\STM32.SchDoc with STM32F101 from STM32.SchLib
Replace Part U4 MPU6050 in C:\Users\Public\Documents\Altium\Projects\Ceryanci_STM32\STM32.SchDoc with MPU6050 from STM32.SchLib
Replace Part U5 BMP280 in C:\Users\Public\Documents\Altium\Projects\Ceryanci_STM32\STM32.SchDoc with BMP280 from STM32.SchLib
Replace Part Y1 8 MHz 12.5 pf Osc in C:\Users\Public\Documents\Altium\Projects\Ceryanci_STM32\STM32.SchDoc with 8 MHz 12.5 pf Osc from STM32.SchLib
